WARNING: Module Jinnie not defined on process 1
ERROR: UndefVarError: Jinnie not defined
 in deserialize at serialize.jl:504
 in handle_deserialize at serialize.jl:465
 in deserialize at serialize.jl:696
 in deserialize_datatype at serialize.jl:651
 in handle_deserialize at serialize.jl:465
 in deserialize_expr at serialize.jl:627
 in handle_deserialize at serialize.jl:458
 in deserialize_expr at serialize.jl:627
 in handle_deserialize at serialize.jl:458
 in deserialize_expr at serialize.jl:627
 in handle_deserialize at serialize.jl:458
 in deserialize_expr at serialize.jl:627
 in handle_deserialize at serialize.jl:458
 in deserialize at serialize.jl:556
 in handle_deserialize at serialize.jl:465
 in deserialize at serialize.jl:538
 in handle_deserialize at serialize.jl:465
 in deserialize at serialize.jl:434
 in anonymous at /Users/adrian/.julia/v0.4/Persist/src/Persist.jl:157
 in open at iostream.jl:114
 in runjob at /Users/adrian/.julia/v0.4/Persist/src/Persist.jl:156
 in process_options at /usr/local/Cellar/julia/0.4.2/lib/julia/sys.dylib
 in _start at /usr/local/Cellar/julia/0.4.2/lib/julia/sys.dylib
